[0908/163306.954:ERROR:process_memory_win.cc(73)] ReadMemory at 0x1a0da4efc90 of 72 bytes failed: Only part of a ReadProcessMemory or WriteProcessMemory request was completed. (0x12B)
[0908/163306.955:WARNING:pe_image_annotations_reader.cc(135)] could not read annotations list object in C:\Program Files (x86)\Google\Chrome\Application\85.0.4183.83\chrome_elf.dll
[0908/163306.955:ERROR:process_memory_win.cc(73)] ReadMemory at 0x1a0da537150 of 72 bytes failed: Only part of a ReadProcessMemory or WriteProcessMemory request was completed. (0x12B)
[0908/163306.955:WARNING:pe_image_annotations_reader.cc(135)] could not read annotations list object in C:\Program Files (x86)\Google\Chrome\Application\85.0.4183.83\chrome.dll
[0908/163306.960:ERROR:process_memory_win.cc(73)] ReadMemory at 0x7ff6c2c90000 of 64 bytes failed: Only part of a ReadProcessMemory or WriteProcessMemory request was completed. (0x12B)
[0908/163306.960:WARNING:pe_image_reader.cc(340)] could not read dos header from C:\Program Files (x86)\Google\Chrome\Application\chrome.exe
[0908/163306.961:ERROR:process_memory_win.cc(73)] ReadMemory at 0x7fff78c30000 of 64 bytes failed: Only part of a ReadProcessMemory or WriteProcessMemory request was completed. (0x12B)
[0908/163306.961:WARNING:pe_image_reader.cc(340)] could not read dos header from C:\Program Files (x86)\Google\Chrome\Application\85.0.4183.83\chrome_elf.dll
[0908/163306.961:ERROR:process_memory_win.cc(73)] ReadMemory at 0x7fffad6e0000 of 64 bytes failed: Only part of a ReadProcessMemory or WriteProcessMemory request was completed. (0x12B)
[0908/163306.961:WARNING:pe_image_reader.cc(340)] could not read dos header from C:\WINDOWS\SYSTEM32\VERSION.dll
[0908/163306.961:ERROR:process_memory_win.cc(73)] ReadMemory at 0x7fff42b90000 of 64 bytes failed: Only part of a ReadProcessMemory or WriteProcessMemory request was completed. (0x12B)
[0908/163306.961:WARNING:pe_image_reader.cc(340)] could not read dos header from C:\Program Files (x86)\Google\Chrome\Application\85.0.4183.83\chrome.dll
[0908/163306.961:ERROR:process_memory_win.cc(73)] ReadMemory at 0x7fffb55b0000 of 64 bytes failed: Only part of a ReadProcessMemory or WriteProcessMemory request was completed. (0x12B)
[0908/163306.961:WARNING:pe_image_reader.cc(340)] could not read dos header from C:\WINDOWS\System32\msvcp_win.dll
[0908/163306.961:ERROR:process_memory_win.cc(73)] ReadMemory at 0x7fffb4d20000 of 64 bytes failed: Only part of a ReadProcessMemory or WriteProcessMemory request was completed. (0x12B)
[0908/163306.961:WARNING:pe_image_reader.cc(340)] could not read dos header from C:\WINDOWS\System32\ucrtbase.dll
[0908/163306.961:ERROR:process_memory_win.cc(73)] ReadMemory at 0x7fffb5980000 of 64 bytes failed: Only part of a ReadProcessMemory or WriteProcessMemory request was completed. (0x12B)
[0908/163306.961:WARNING:pe_image_reader.cc(340)] could not read dos header from C:\WINDOWS\System32\WINTRUST.dll
[0908/163306.961:ERROR:process_memory_win.cc(73)] ReadMemory at 0x7fffb4d00000 of 64 bytes failed: Only part of a ReadProcessMemory or WriteProcessMemory request was completed. (0x12B)
[0908/163306.961:WARNING:pe_image_reader.cc(340)] could not read dos header from C:\WINDOWS\System32\MSASN1.dll
[0908/163306.961:ERROR:process_memory_win.cc(73)] ReadMemory at 0x7fffb59e0000 of 64 bytes failed: Only part of a ReadProcessMemory or WriteProcessMemory request was completed. (0x12B)
[0908/163306.961:WARNING:pe_image_reader.cc(340)] could not read dos header from C:\WINDOWS\System32\CRYPT32.dll
[0908/163306.961:ERROR:process_memory_win.cc(73)] ReadMemory at 0x7fffb41c0000 of 64 bytes failed: Only part of a ReadProcessMemory or WriteProcessMemory request was completed. (0x12B)
[0908/163306.961:WARNING:pe_image_reader.cc(340)] could not read dos header from C:\WINDOWS\SYSTEM32\IPHLPAPI.DLL
[0908/163306.961:ERROR:process_memory_win.cc(73)] ReadMemory at 0x7fffb0130000 of 64 bytes failed: Only part of a ReadProcessMemory or WriteProcessMemory request was completed. (0x12B)
[0908/163306.961:WARNING:pe_image_reader.cc(340)] could not read dos header from C:\WINDOWS\SYSTEM32\WINMM.dll
[0908/163306.961:ERROR:process_memory_win.cc(73)] ReadMemory at 0x7fff80420000 of 64 bytes failed: Only part of a ReadProcessMemory or WriteProcessMemory request was completed. (0x12B)
[0908/163306.961:WARNING:pe_image_reader.cc(340)] could not read dos header from C:\WINDOWS\SYSTEM32\UIAutomationCore.DLL
[0908/163306.962:ERROR:process_memory_win.cc(73)] ReadMemory at 0x7fffa2740000 of 64 bytes failed: Only part of a ReadProcessMemory or WriteProcessMemory request was completed. (0x12B)
[0908/163306.962:WARNING:pe_image_reader.cc(340)] could not read dos header from C:\WINDOWS\SYSTEM32\Secur32.dll
[0908/163306.962:ERROR:process_memory_win.cc(73)] ReadMemory at 0x7fffb4b70000 of 64 bytes failed: Only part of a ReadProcessMemory or WriteProcessMemory request was completed. (0x12B)
[0908/163306.962:WARNING:pe_image_reader.cc(340)] could not read dos header from C:\WINDOWS\SYSTEM32\USERENV.dll
[0908/163306.962:ERROR:process_memory_win.cc(73)] ReadMemory at 0x7fffb4c80000 of 64 bytes failed: Only part of a ReadProcessMemory or WriteProcessMemory request was completed. (0x12B)
[0908/163306.962:WARNING:pe_image_reader.cc(340)] could not read dos header from C:\WINDOWS\System32\profapi.dll
[0908/163306.962:ERROR:process_memory_win.cc(73)] ReadMemory at 0x7fff8d890000 of 64 bytes failed: Only part of a ReadProcessMemory or WriteProcessMemory request was completed. (0x12B)
[0908/163306.962:WARNING:pe_image_reader.cc(340)] could not read dos header from C:\WINDOWS\SYSTEM32\DWrite.dll
[0908/163306.962:ERROR:process_memory_win.cc(73)] ReadMemory at 0x7fff93130000 of 64 bytes failed: Only part of a ReadProcessMemory or WriteProcessMemory request was completed. (0x12B)
[0908/163306.962:WARNING:pe_image_reader.cc(340)] could not read dos header from C:\WINDOWS\SYSTEM32\WINSPOOL.DRV
[0908/163306.962:ERROR:process_memory_win.cc(73)] ReadMemory at 0x7fffb4c60000 of 64 bytes failed: Only part of a ReadProcessMemory or WriteProcessMemory request was completed. (0x12B)
[0908/163306.962:WARNING:pe_image_reader.cc(340)] could not read dos header from C:\WINDOWS\System32\kernel.appcore.dll
[0908/163306.962:ERROR:process_memory_win.cc(73)] ReadMemory at 0x7fffb5c60000 of 64 bytes failed: Only part of a ReadProcessMemory or WriteProcessMemory request was completed. (0x12B)
[0908/163306.962:WARNING:pe_image_reader.cc(340)] could not read dos header from C:\WINDOWS\System32\bcrypt.dll
[0908/163306.962:ERROR:process_memory_win.cc(73)] ReadMemory at 0x7fffb3560000 of 64 bytes failed: Only part of a ReadProcessMemory or WriteProcessMemory request was completed. (0x12B)
[0908/163306.962:WARNING:pe_image_reader.cc(340)] could not read dos header from C:\WINDOWS\SYSTEM32\dbghelp.dll
[0908/163306.962:ERROR:process_memory_win.cc(73)] ReadMemory at 0x7fffa7690000 of 64 bytes failed: Only part of a ReadProcessMemory or WriteProcessMemory request was completed. (0x12B)
[0908/163306.962:WARNING:pe_image_reader.cc(340)] could not read dos header from C:\WINDOWS\SYSTEM32\WINHTTP.dll
[0908/163306.962:ERROR:process_memory_win.cc(73)] ReadMemory at 0x7fffaa020000 of 64 bytes failed: Only part of a ReadProcessMemory or WriteProcessMemory request was completed. (0x12B)
[0908/163306.962:WARNING:pe_image_reader.cc(340)] could not read dos header from C:\WINDOWS\SYSTEM32\dhcpcsvc.DLL
[0908/163306.962:ERROR:process_memory_win.cc(73)] ReadMemory at 0x7fffb7260000 of 64 bytes failed: Only part of a ReadProcessMemory or WriteProcessMemory request was completed. (0x12B)
[0908/163306.962:WARNING:pe_image_reader.cc(340)] could not read dos header from C:\WINDOWS\System32\NSI.dll
[0908/163306.962:ERROR:process_memory_win.cc(73)] ReadMemory at 0x7fffb0100000 of 64 bytes failed: Only part of a ReadProcessMemory or WriteProcessMemory request was completed. (0x12B)
[0908/163306.963:WARNING:pe_image_reader.cc(340)] could not read dos header from C:\WINDOWS\SYSTEM32\WINMMBASE.dll
[0908/163306.963:ERROR:process_memory_win.cc(73)] ReadMemory at 0x7fffb5650000 of 64 bytes failed: Only part of a ReadProcessMemory or WriteProcessMemory request was completed. (0x12B)
[0908/163306.963:WARNING:pe_image_reader.cc(340)] could not read dos header from C:\WINDOWS\System32\cfgmgr32.dll
[0908/163306.963:ERROR:process_memory_win.cc(73)] ReadMemory at 0x7fffb2af0000 of 64 bytes failed: Only part of a ReadProcessMemory or WriteProcessMemory request was completed. (0x12B)
[0908/163306.963:WARNING:pe_image_reader.cc(340)] could not read dos header from C:\WINDOWS\SYSTEM32\PROPSYS.dll
[0908/163306.963:ERROR:process_memory_win.cc(73)] ReadMemory at 0x7fffb74b0000 of 64 bytes failed: Only part of a ReadProcessMemory or WriteProcessMemory request was completed. (0x12B)
[0908/163306.963:WARNING:pe_image_reader.cc(340)] could not read dos header from C:\WINDOWS\System32\shcore.dll
[0908/163306.963:ERROR:process_memory_win.cc(73)] ReadMemory at 0x7fffb4b40000 of 64 bytes failed: Only part of a ReadProcessMemory or WriteProcessMemory request was completed. (0x12B)
[0908/163306.963:WARNING:pe_image_reader.cc(340)] could not read dos header from C:\WINDOWS\SYSTEM32\SSPICLI.DLL
[0908/163306.963:ERROR:process_memory_win.cc(73)] ReadMemory at 0x7fffb4680000 of 64 bytes failed: Only part of a ReadProcessMemory or WriteProcessMemory request was completed. (0x12B)
[0908/163306.963:WARNING:pe_image_reader.cc(340)] could not read dos header from C:\WINDOWS\SYSTEM32\CRYPTBASE.DLL
[0908/163306.963:ERROR:process_memory_win.cc(73)] ReadMemory at 0x7ff6c2c90000 of 64 bytes failed: Only part of a ReadProcessMemory or WriteProcessMemory request was completed. (0x12B)
[0908/163306.963:WARNING:pe_image_reader.cc(340)] could not read dos header from C:\Program Files (x86)\Google\Chrome\Application\chrome.exe
[0908/163306.963:ERROR:process_memory_win.cc(73)] ReadMemory at 0x7fffb7da0000 of 64 bytes failed: Only part of a ReadProcessMemory or WriteProcessMemory request was completed. (0x12B)
[0908/163306.963:WARNING:pe_image_reader.cc(340)] could not read dos header from C:\WINDOWS\SYSTEM32\ntdll.dll
[0908/163306.963:ERROR:process_memory_win.cc(73)] ReadMemory at 0x7fffb6c90000 of 64 bytes failed: Only part of a ReadProcessMemory or WriteProcessMemory request was completed. (0x12B)
[0908/163306.963:WARNING:pe_image_reader.cc(340)] could not read dos header from C:\WINDOWS\System32\KERNEL32.DLL
[0908/163306.963:ERROR:process_memory_win.cc(73)] ReadMemory at 0x7fffb56a0000 of 64 bytes failed: Only part of a ReadProcessMemory or WriteProcessMemory request was completed. (0x12B)
[0908/163306.963:WARNING:pe_image_reader.cc(340)] could not read dos header from C:\WINDOWS\System32\KERNELBASE.dll
[0908/163306.963:ERROR:process_memory_win.cc(73)] ReadMemory at 0x7fff78c30000 of 64 bytes failed: Only part of a ReadProcessMemory or WriteProcessMemory request was completed. (0x12B)
[0908/163306.963:WARNING:pe_image_reader.cc(340)] could not read dos header from C:\Program Files (x86)\Google\Chrome\Application\85.0.4183.83\chrome_elf.dll
[0908/163306.963:ERROR:process_memory_win.cc(73)] ReadMemory at 0x7fffad6e0000 of 64 bytes failed: Only part of a ReadProcessMemory or WriteProcessMemory request was completed. (0x12B)
[0908/163306.963:WARNING:pe_image_reader.cc(340)] could not read dos header from C:\WINDOWS\SYSTEM32\VERSION.dll
[0908/163306.963:ERROR:process_memory_win.cc(73)] ReadMemory at 0x7fffb6de0000 of 64 bytes failed: Only part of a ReadProcessMemory or WriteProcessMemory request was completed. (0x12B)
[0908/163306.963:WARNING:pe_image_reader.cc(340)] could not read dos header from C:\WINDOWS\System32\msvcrt.dll
[0908/163306.963:ERROR:process_memory_win.cc(73)] ReadMemory at 0x7fffb5be0000 of 64 bytes failed: Only part of a ReadProcessMemory or WriteProcessMemory request was completed. (0x12B)
[0908/163306.963:WARNING:pe_image_reader.cc(340)] could not read dos header from C:\WINDOWS\System32\bcryptPrimitives.dll
[0908/163306.963:ERROR:process_memory_win.cc(73)] ReadMemory at 0x7fffb7aa0000 of 64 bytes failed: Only part of a ReadProcessMemory or WriteProcessMemory request was completed. (0x12B)
[0908/163306.963:WARNING:pe_image_reader.cc(340)] could not read dos header from C:\WINDOWS\System32\ADVAPI32.dll
[0908/163306.964:ERROR:process_memory_win.cc(73)] ReadMemory at 0x7fffb7140000 of 64 bytes failed: Only part of a ReadProcessMemory or WriteProcessMemory request was completed. (0x12B)
[0908/163306.964:WARNING:pe_image_reader.cc(340)] could not read dos header from C:\WINDOWS\System32\sechost.dll
[0908/163306.964:ERROR:process_memory_win.cc(73)] ReadMemory at 0x7fffb7980000 of 64 bytes failed: Only part of a ReadProcessMemory or WriteProcessMemory request was completed. (0x12B)
[0908/163306.964:WARNING:pe_image_reader.cc(340)] could not read dos header from C:\WINDOWS\System32\RPCRT4.dll
[0908/163306.964:ERROR:process_memory_win.cc(73)] ReadMemory at 0x7fff42b90000 of 64 bytes failed: Only part of a ReadProcessMemory or WriteProcessMemory request was completed. (0x12B)
[0908/163306.964:WARNING:pe_image_reader.cc(340)] could not read dos header from C:\Program Files (x86)\Google\Chrome\Application\85.0.4183.83\chrome.dll
[0908/163306.964:ERROR:process_memory_win.cc(73)] ReadMemory at 0x7fffb7b50000 of 64 bytes failed: Only part of a ReadProcessMemory or WriteProcessMemory request was completed. (0x12B)
[0908/163306.964:WARNING:pe_image_reader.cc(340)] could not read dos header from C:\WINDOWS\System32\WS2_32.dll
[0908/163306.964:ERROR:process_memory_win.cc(73)] ReadMemory at 0x7fffb6e80000 of 64 bytes failed: Only part of a ReadProcessMemory or WriteProcessMemory request was completed. (0x12B)
[0908/163306.964:WARNING:pe_image_reader.cc(340)] could not read dos header from C:\WINDOWS\System32\OLEAUT32.dll
[0908/163306.964:ERROR:process_memory_win.cc(73)] ReadMemory at 0x7fffb55b0000 of 64 bytes failed: Only part of a ReadProcessMemory or WriteProcessMemory request was completed. (0x12B)
[0908/163306.964:WARNING:pe_image_reader.cc(340)] could not read dos header from C:\WINDOWS\System32\msvcp_win.dll
[0908/163306.964:ERROR:process_memory_win.cc(73)] ReadMemory at 0x7fffb4d20000 of 64 bytes failed: Only part of a ReadProcessMemory or WriteProcessMemory request was completed. (0x12B)
[0908/163306.964:WARNING:pe_image_reader.cc(340)] could not read dos header from C:\WINDOWS\System32\ucrtbase.dll
[0908/163306.964:ERROR:process_memory_win.cc(73)] ReadMemory at 0x7fffb75e0000 of 64 bytes failed: Only part of a ReadProcessMemory or WriteProcessMemory request was completed. (0x12B)
[0908/163306.964:WARNING:pe_image_reader.cc(340)] could not read dos header from C:\WINDOWS\System32\combase.dll
[0908/163306.964:ERROR:process_memory_win.cc(73)] ReadMemory at 0x7fffb5980000 of 64 bytes failed: Only part of a ReadProcessMemory or WriteProcessMemory request was completed. (0x12B)
[0908/163306.964:WARNING:pe_image_reader.cc(340)] could not read dos header from C:\WINDOWS\System32\WINTRUST.dll
[0908/163306.964:ERROR:process_memory_win.cc(73)] ReadMemory at 0x7fffb4d00000 of 64 bytes failed: Only part of a ReadProcessMemory or WriteProcessMemory request was completed. (0x12B)
[0908/163306.964:WARNING:pe_image_reader.cc(340)] could not read dos header from C:\WINDOWS\System32\MSASN1.dll
[0908/163306.964:ERROR:process_memory_win.cc(73)] ReadMemory at 0x7fffb59e0000 of 64 bytes failed: Only part of a ReadProcessMemory or WriteProcessMemory request was completed. (0x12B)
[0908/163306.964:WARNING:pe_image_reader.cc(340)] could not read dos header from C:\WINDOWS\System32\CRYPT32.dll
[0908/163306.964:ERROR:process_memory_win.cc(73)] ReadMemory at 0x7fffb41c0000 of 64 bytes failed: Only part of a ReadProcessMemory or WriteProcessMemory request was completed. (0x12B)
[0908/163306.964:WARNING:pe_image_reader.cc(340)] could not read dos header from C:\WINDOWS\SYSTEM32\IPHLPAPI.DLL
[0908/163306.964:ERROR:process_memory_win.cc(73)] ReadMemory at 0x7fffb0130000 of 64 bytes failed: Only part of a ReadProcessMemory or WriteProcessMemory request was completed. (0x12B)
[0908/163306.964:WARNING:pe_image_reader.cc(340)] could not read dos header from C:\WINDOWS\SYSTEM32\WINMM.dll
[0908/163306.964:ERROR:process_memory_win.cc(73)] ReadMemory at 0x7fff80420000 of 64 bytes failed: Only part of a ReadProcessMemory or WriteProcessMemory request was completed. (0x12B)
[0908/163306.964:WARNING:pe_image_reader.cc(340)] could not read dos header from C:\WINDOWS\SYSTEM32\UIAutomationCore.DLL
[0908/163306.964:ERROR:process_memory_win.cc(73)] ReadMemory at 0x7fffa2740000 of 64 bytes failed: Only part of a ReadProcessMemory or WriteProcessMemory request was completed. (0x12B)
[0908/163306.965:WARNING:pe_image_reader.cc(340)] could not read dos header from C:\WINDOWS\SYSTEM32\Secur32.dll
[0908/163306.965:ERROR:process_memory_win.cc(73)] ReadMemory at 0x7fffb4b70000 of 64 bytes failed: Only part of a ReadProcessMemory or WriteProcessMemory request was completed. (0x12B)
[0908/163306.965:WARNING:pe_image_reader.cc(340)] could not read dos header from C:\WINDOWS\SYSTEM32\USERENV.dll
[0908/163306.965:ERROR:process_memory_win.cc(73)] ReadMemory at 0x7fffb4c80000 of 64 bytes failed: Only part of a ReadProcessMemory or WriteProcessMemory request was completed. (0x12B)
[0908/163306.965:WARNING:pe_image_reader.cc(340)] could not read dos header from C:\WINDOWS\System32\profapi.dll
[0908/163306.965:ERROR:process_memory_win.cc(73)] ReadMemory at 0x7fff8d890000 of 64 bytes failed: Only part of a ReadProcessMemory or WriteProcessMemory request was completed. (0x12B)
[0908/163306.965:WARNING:pe_image_reader.cc(340)] could not read dos header from C:\WINDOWS\SYSTEM32\DWrite.dll
[0908/163306.965:ERROR:process_memory_win.cc(73)] ReadMemory at 0x7fff93130000 of 64 bytes failed: Only part of a ReadProcessMemory or WriteProcessMemory request was completed. (0x12B)
[0908/163306.965:WARNING:pe_image_reader.cc(340)] could not read dos header from C:\WINDOWS\SYSTEM32\WINSPOOL.DRV
[0908/163306.965:ERROR:process_memory_win.cc(73)] ReadMemory at 0x7fffb4c60000 of 64 bytes failed: Only part of a ReadProcessMemory or WriteProcessMemory request was completed. (0x12B)
[0908/163306.965:WARNING:pe_image_reader.cc(340)] could not read dos header from C:\WINDOWS\System32\kernel.appcore.dll
[0908/163306.965:ERROR:process_memory_win.cc(73)] ReadMemory at 0x7fffb5c60000 of 64 bytes failed: Only part of a ReadProcessMemory or WriteProcessMemory request was completed. (0x12B)
[0908/163306.965:WARNING:pe_image_reader.cc(340)] could not read dos header from C:\WINDOWS\System32\bcrypt.dll
[0908/163306.965:ERROR:process_memory_win.cc(73)] ReadMemory at 0x7fffb3560000 of 64 bytes failed: Only part of a ReadProcessMemory or WriteProcessMemory request was completed. (0x12B)
[0908/163306.965:WARNING:pe_image_reader.cc(340)] could not read dos header from C:\WINDOWS\SYSTEM32\dbghelp.dll
[0908/163306.965:ERROR:process_memory_win.cc(73)] ReadMemory at 0x7fffa7690000 of 64 bytes failed: Only part of a ReadProcessMemory or WriteProcessMemory request was completed. (0x12B)
[0908/163306.965:WARNING:pe_image_reader.cc(340)] could not read dos header from C:\WINDOWS\SYSTEM32\WINHTTP.dll
[0908/163306.965:ERROR:process_memory_win.cc(73)] ReadMemory at 0x7fffaa020000 of 64 bytes failed: Only part of a ReadProcessMemory or WriteProcessMemory request was completed. (0x12B)
[0908/163306.965:WARNING:pe_image_reader.cc(340)] could not read dos header from C:\WINDOWS\SYSTEM32\dhcpcsvc.DLL
[0908/163306.965:ERROR:process_memory_win.cc(73)] ReadMemory at 0x7fffb7260000 of 64 bytes failed: Only part of a ReadProcessMemory or WriteProcessMemory request was completed. (0x12B)
[0908/163306.965:WARNING:pe_image_reader.cc(340)] could not read dos header from C:\WINDOWS\System32\NSI.dll
[0908/163306.965:ERROR:process_memory_win.cc(73)] ReadMemory at 0x7fffb0100000 of 64 bytes failed: Only part of a ReadProcessMemory or WriteProcessMemory request was completed. (0x12B)
[0908/163306.965:WARNING:pe_image_reader.cc(340)] could not read dos header from C:\WINDOWS\SYSTEM32\WINMMBASE.dll
[0908/163306.965:ERROR:process_memory_win.cc(73)] ReadMemory at 0x7fffb5650000 of 64 bytes failed: Only part of a ReadProcessMemory or WriteProcessMemory request was completed. (0x12B)
[0908/163306.965:WARNING:pe_image_reader.cc(340)] could not read dos header from C:\WINDOWS\System32\cfgmgr32.dll
[0908/163306.965:ERROR:process_memory_win.cc(73)] ReadMemory at 0x7fffb2af0000 of 64 bytes failed: Only part of a ReadProcessMemory or WriteProcessMemory request was completed. (0x12B)
[0908/163306.965:WARNING:pe_image_reader.cc(340)] could not read dos header from C:\WINDOWS\SYSTEM32\PROPSYS.dll
[0908/163306.965:ERROR:process_memory_win.cc(73)] ReadMemory at 0x7fffb74b0000 of 64 bytes failed: Only part of a ReadProcessMemory or WriteProcessMemory request was completed. (0x12B)
[0908/163306.965:WARNING:pe_image_reader.cc(340)] could not read dos header from C:\WINDOWS\System32\shcore.dll
[0908/163306.965:ERROR:process_memory_win.cc(73)] ReadMemory at 0x7fffb4b40000 of 64 bytes failed: Only part of a ReadProcessMemory or WriteProcessMemory request was completed. (0x12B)
[0908/163306.966:WARNING:pe_image_reader.cc(340)] could not read dos header from C:\WINDOWS\SYSTEM32\SSPICLI.DLL
[0908/163306.966:ERROR:process_memory_win.cc(73)] ReadMemory at 0x7fffb4680000 of 64 bytes failed: Only part of a ReadProcessMemory or WriteProcessMemory request was completed. (0x12B)
[0908/163306.966:WARNING:pe_image_reader.cc(340)] could not read dos header from C:\WINDOWS\SYSTEM32\CRYPTBASE.DLL
[0908/163306.971:ERROR:process_memory_win.cc(73)] ReadMemory at 0x33f21f5000 of 45056 bytes failed: Only part of a ReadProcessMemory or WriteProcessMemory request was completed. (0x12B)
[0908/163306.971:ERROR:process_memory_win.cc(73)] ReadMemory at 0x33f29fd000 of 12288 bytes failed: Only part of a ReadProcessMemory or WriteProcessMemory request was completed. (0x12B)
[0908/163306.971:ERROR:process_memory_win.cc(73)] ReadMemory at 0x33f31fd000 of 12288 bytes failed: Only part of a ReadProcessMemory or WriteProcessMemory request was completed. (0x12B)
[0908/163306.972:ERROR:process_memory_win.cc(73)] ReadMemory at 0x33f39fc000 of 16384 bytes failed: Only part of a ReadProcessMemory or WriteProcessMemory request was completed. (0x12B)
[0908/163306.972:ERROR:process_memory_win.cc(73)] ReadMemory at 0x33f41fc000 of 16384 bytes failed: Only part of a ReadProcessMemory or WriteProcessMemory request was completed. (0x12B)
[0908/163306.972:ERROR:process_memory_win.cc(73)] ReadMemory at 0x33f49ff000 of 4096 bytes failed: Only part of a ReadProcessMemory or WriteProcessMemory request was completed. (0x12B)
[0908/163306.972:ERROR:process_memory_win.cc(73)] ReadMemory at 0x33f51fd000 of 12288 bytes failed: Only part of a ReadProcessMemory or WriteProcessMemory request was completed. (0x12B)
[0908/163306.972:ERROR:process_memory_win.cc(73)] ReadMemory at 0x33f59fc000 of 16384 bytes failed: Only part of a ReadProcessMemory or WriteProcessMemory request was completed. (0x12B)
[0908/163306.972:ERROR:process_memory_win.cc(73)] ReadMemory at 0x33f69fd000 of 12288 bytes failed: Only part of a ReadProcessMemory or WriteProcessMemory request was completed. (0x12B)
[0908/163306.972:ERROR:process_memory_win.cc(73)] ReadMemory at 0x33f71fd000 of 12288 bytes failed: Only part of a ReadProcessMemory or WriteProcessMemory request was completed. (0x12B)
[0908/163306.972:ERROR:process_memory_win.cc(73)] ReadMemory at 0x33f79fd000 of 12288 bytes failed: Only part of a ReadProcessMemory or WriteProcessMemory request was completed. (0x12B)
[0908/163306.972:ERROR:process_memory_win.cc(73)] ReadMemory at 0x33f81fd000 of 12288 bytes failed: Only part of a ReadProcessMemory or WriteProcessMemory request was completed. (0x12B)
[0908/163306.972:ERROR:process_memory_win.cc(73)] ReadMemory at 0x33f1807000 of 852 bytes failed: Only part of a ReadProcessMemory or WriteProcessMemory request was completed. (0x12B)
[0908/163306.972:ERROR:process_memory_win.cc(73)] ReadMemory at 0x33f1808000 of 6024 bytes failed: Only part of a ReadProcessMemory or WriteProcessMemory request was completed. (0x12B)
[0908/163306.972:ERROR:process_memory_win.cc(73)] ReadMemory at 0x33f180a000 of 6024 bytes failed: Only part of a ReadProcessMemory or WriteProcessMemory request was completed. (0x12B)
[0908/163306.972:ERROR:process_memory_win.cc(73)] ReadMemory at 0x33f180c000 of 6024 bytes failed: Only part of a ReadProcessMemory or WriteProcessMemory request was completed. (0x12B)
[0908/163306.972:ERROR:process_memory_win.cc(73)] ReadMemory at 0x33f180e000 of 6024 bytes failed: Only part of a ReadProcessMemory or WriteProcessMemory request was completed. (0x12B)
[0908/163306.972:ERROR:process_memory_win.cc(73)] ReadMemory at 0x33f1810000 of 6024 bytes failed: Only part of a ReadProcessMemory or WriteProcessMemory request was completed. (0x12B)
[0908/163306.972:ERROR:process_memory_win.cc(73)] ReadMemory at 0x33f1812000 of 6024 bytes failed: Only part of a ReadProcessMemory or WriteProcessMemory request was completed. (0x12B)
[0908/163306.972:ERROR:process_memory_win.cc(73)] ReadMemory at 0x33f1814000 of 6024 bytes failed: Only part of a ReadProcessMemory or WriteProcessMemory request was completed. (0x12B)
[0908/163306.972:ERROR:process_memory_win.cc(73)] ReadMemory at 0x33f1816000 of 6024 bytes failed: Only part of a ReadProcessMemory or WriteProcessMemory request was completed. (0x12B)
[0908/163306.972:ERROR:process_memory_win.cc(73)] ReadMemory at 0x33f181a000 of 6024 bytes failed: Only part of a ReadProcessMemory or WriteProcessMemory request was completed. (0x12B)
[0908/163306.973:ERROR:process_memory_win.cc(73)] ReadMemory at 0x33f181c000 of 6024 bytes failed: Only part of a ReadProcessMemory or WriteProcessMemory request was completed. (0x12B)
[0908/163306.973:ERROR:process_memory_win.cc(73)] ReadMemory at 0x33f181e000 of 6024 bytes failed: Only part of a ReadProcessMemory or WriteProcessMemory request was completed. (0x12B)
[0908/163306.973:ERROR:process_memory_win.cc(73)] ReadMemory at 0x33f1820000 of 6024 bytes failed: Only part of a ReadProcessMemory or WriteProcessMemory request was completed. (0x12B)
[0908/163306.973:ERROR:process_memory_win.cc(73)] ReadMemory at 0x1a0da4a2500 of 512 bytes failed: Only part of a ReadProcessMemory or WriteProcessMemory request was completed. (0x12B)
[0908/163306.973:ERROR:process_memory_win.cc(73)] ReadMemory at 0x1a0da4e0fe0 of 18512 bytes failed: Only part of a ReadProcessMemory or WriteProcessMemory request was completed. (0x12B)
[0908/163306.973:ERROR:process_memory_win.cc(73)] ReadMemory at 0x1a0da4e5840 of 1012 bytes failed: Only part of a ReadProcessMemory or WriteProcessMemory request was completed. (0x12B)
[0908/163306.973:ERROR:process_memory_win.cc(73)] ReadMemory at 0x1a0da4e5e88 of 118 bytes failed: Only part of a ReadProcessMemory or WriteProcessMemory request was completed. (0x12B)
[0908/163306.973:ERROR:process_memory_win.cc(73)] ReadMemory at 0x1a0da4e5f00 of 842 bytes failed: Only part of a ReadProcessMemory or WriteProcessMemory request was completed. (0x12B)
[0908/163306.973:ERROR:process_memory_win.cc(73)] ReadMemory at 0x1a0da4e624c of 118 bytes failed: Only part of a ReadProcessMemory or WriteProcessMemory request was completed. (0x12B)
[0908/163306.973:ERROR:process_memory_win.cc(73)] ReadMemory at 0x1a0da4e62c4 of 102 bytes failed: Only part of a ReadProcessMemory or WriteProcessMemory request was completed. (0x12B)
[0908/163306.973:ERROR:process_memory_win.cc(73)] ReadMemory at 0x1a0da4e6340 of 58 bytes failed: Only part of a ReadProcessMemory or WriteProcessMemory request was completed. (0x12B)
[0908/163306.973:ERROR:process_memory_win.cc(73)] ReadMemory at 0x1a0da4e6440 of 132 bytes failed: Only part of a ReadProcessMemory or WriteProcessMemory request was completed. (0x12B)
[0908/163306.973:ERROR:process_memory_win.cc(73)] ReadMemory at 0x1a0da4e65d0 of 132 bytes failed: Only part of a ReadProcessMemory or WriteProcessMemory request was completed. (0x12B)
[0908/163306.973:ERROR:process_memory_win.cc(73)] ReadMemory at 0x1a0da4e6790 of 124 bytes failed: Only part of a ReadProcessMemory or WriteProcessMemory request was completed. (0x12B)
[0908/163306.973:ERROR:process_memory_win.cc(73)] ReadMemory at 0x1a0da4e6b70 of 132 bytes failed: Only part of a ReadProcessMemory or WriteProcessMemory request was completed. (0x12B)
[0908/163306.973:ERROR:process_memory_win.cc(73)] ReadMemory at 0x1a0da4e6d00 of 64 bytes failed: Only part of a ReadProcessMemory or WriteProcessMemory request was completed. (0x12B)
[0908/163306.973:ERROR:process_memory_win.cc(73)] ReadMemory at 0x1a0da4e6ec0 of 132 bytes failed: Only part of a ReadProcessMemory or WriteProcessMemory request was completed. (0x12B)
[0908/163306.973:ERROR:process_memory_win.cc(73)] ReadMemory at 0x1a0da4e7160 of 132 bytes failed: Only part of a ReadProcessMemory or WriteProcessMemory request was completed. (0x12B)
[0908/163306.973:ERROR:process_memory_win.cc(73)] ReadMemory at 0x1a0da4e72f0 of 68 bytes failed: Only part of a ReadProcessMemory or WriteProcessMemory request was completed. (0x12B)
[0908/163306.973:ERROR:process_memory_win.cc(73)] ReadMemory at 0x1a0da4e83e0 of 132 bytes failed: Only part of a ReadProcessMemory or WriteProcessMemory request was completed. (0x12B)
[0908/163306.974:ERROR:process_memory_win.cc(73)] ReadMemory at 0x1a0da4e8570 of 152 bytes failed: Only part of a ReadProcessMemory or WriteProcessMemory request was completed. (0x12B)
[0908/163306.974:ERROR:process_memory_win.cc(73)] ReadMemory at 0x1a0da4e9380 of 62 bytes failed: Only part of a ReadProcessMemory or WriteProcessMemory request was completed. (0x12B)
[0908/163306.974:ERROR:process_memory_win.cc(73)] ReadMemory at 0x1a0da4e94e0 of 132 bytes failed: Only part of a ReadProcessMemory or WriteProcessMemory request was completed. (0x12B)
[0908/163306.974:ERROR:process_memory_win.cc(73)] ReadMemory at 0x1a0da4e9670 of 60 bytes failed: Only part of a ReadProcessMemory or WriteProcessMemory request was completed. (0x12B)
[0908/163306.974:ERROR:process_memory_win.cc(73)] ReadMemory at 0x1a0da4f6ada of 512 bytes failed: Only part of a ReadProcessMemory or WriteProcessMemory request was completed. (0x12B)
[0908/163306.974:ERROR:process_memory_win.cc(73)] ReadMemory at 0x1a0da4f8790 of 64 bytes failed: Only part of a ReadProcessMemory or WriteProcessMemory request was completed. (0x12B)
[0908/163306.974:ERROR:process_memory_win.cc(73)] ReadMemory at 0x1a0da4f8a60 of 62 bytes failed: Only part of a ReadProcessMemory or WriteProcessMemory request was completed. (0x12B)
[0908/163306.974:ERROR:process_memory_win.cc(73)] ReadMemory at 0x1a0da4f8b00 of 60 bytes failed: Only part of a ReadProcessMemory or WriteProcessMemory request was completed. (0x12B)
[0908/163306.974:ERROR:process_memory_win.cc(73)] ReadMemory at 0x1a0da4f8b50 of 64 bytes failed: Only part of a ReadProcessMemory or WriteProcessMemory request was completed. (0x12B)
[0908/163306.974:ERROR:process_memory_win.cc(73)] ReadMemory at 0x1a0da4f8d80 of 60 bytes failed: Only part of a ReadProcessMemory or WriteProcessMemory request was completed. (0x12B)
[0908/163306.974:ERROR:process_memory_win.cc(73)] ReadMemory at 0x1a0da4f8dd0 of 64 bytes failed: Only part of a ReadProcessMemory or WriteProcessMemory request was completed. (0x12B)
[0908/163306.974:ERROR:process_memory_win.cc(73)] ReadMemory at 0x1a0da4f8e70 of 62 bytes failed: Only part of a ReadProcessMemory or WriteProcessMemory request was completed. (0x12B)
[0908/163306.974:ERROR:process_memory_win.cc(73)] ReadMemory at 0x1a0da4f9460 of 64 bytes failed: Only part of a ReadProcessMemory or WriteProcessMemory request was completed. (0x12B)
[0908/163306.974:ERROR:process_memory_win.cc(73)] ReadMemory at 0x1a0da4f94b0 of 66 bytes failed: Only part of a ReadProcessMemory or WriteProcessMemory request was completed. (0x12B)
[0908/163306.974:ERROR:process_memory_win.cc(73)] ReadMemory at 0x1a0da4f9500 of 60 bytes failed: Only part of a ReadProcessMemory or WriteProcessMemory request was completed. (0x12B)
[0908/163306.974:ERROR:process_memory_win.cc(73)] ReadMemory at 0x1a0da4f9550 of 62 bytes failed: Only part of a ReadProcessMemory or WriteProcessMemory request was completed. (0x12B)
[0908/163306.974:ERROR:process_memory_win.cc(73)] ReadMemory at 0x1a0da4f95a0 of 64 bytes failed: Only part of a ReadProcessMemory or WriteProcessMemory request was completed. (0x12B)
[0908/163306.974:ERROR:process_memory_win.cc(73)] ReadMemory at 0x1a0da4f9690 of 58 bytes failed: Only part of a ReadProcessMemory or WriteProcessMemory request was completed. (0x12B)
[0908/163306.974:ERROR:process_memory_win.cc(73)] ReadMemory at 0x1a0da4fb350 of 54 bytes failed: Only part of a ReadProcessMemory or WriteProcessMemory request was completed. (0x12B)
[0908/163306.974:ERROR:process_memory_win.cc(73)] ReadMemory at 0x1a0da4fd820 of 132 bytes failed: Only part of a ReadProcessMemory or WriteProcessMemory request was completed. (0x12B)
[0908/163306.975:ERROR:process_memory_win.cc(73)] ReadMemory at 0x1a0da4fe9b0 of 132 bytes failed: Only part of a ReadProcessMemory or WriteProcessMemory request was completed. (0x12B)
[0908/163306.975:ERROR:process_memory_win.cc(73)] ReadMemory at 0x1a0da4feae0 of 132 bytes failed: Only part of a ReadProcessMemory or WriteProcessMemory request was completed. (0x12B)
[0908/163306.975:ERROR:process_memory_win.cc(73)] ReadMemory at 0x1a0da4fec10 of 132 bytes failed: Only part of a ReadProcessMemory or WriteProcessMemory request was completed. (0x12B)
[0908/163306.975:ERROR:process_memory_win.cc(73)] ReadMemory at 0x1a0da4fed40 of 132 bytes failed: Only part of a ReadProcessMemory or WriteProcessMemory request was completed. (0x12B)
[0908/163306.975:ERROR:process_memory_win.cc(73)] ReadMemory at 0x1a0da4fee70 of 132 bytes failed: Only part of a ReadProcessMemory or WriteProcessMemory request was completed. (0x12B)
[0908/163306.975:ERROR:process_memory_win.cc(73)] ReadMemory at 0x1a0da4fefa0 of 132 bytes failed: Only part of a ReadProcessMemory or WriteProcessMemory request was completed. (0x12B)
[0908/163306.975:ERROR:process_memory_win.cc(73)] ReadMemory at 0x1a0da4ff0d0 of 132 bytes failed: Only part of a ReadProcessMemory or WriteProcessMemory request was completed. (0x12B)
[0908/163306.975:ERROR:process_memory_win.cc(73)] ReadMemory at 0x1a0da4ff200 of 132 bytes failed: Only part of a ReadProcessMemory or WriteProcessMemory request was completed. (0x12B)
[0908/163306.975:ERROR:process_memory_win.cc(73)] ReadMemory at 0x1a0da4ff330 of 132 bytes failed: Only part of a ReadProcessMemory or WriteProcessMemory request was completed. (0x12B)
[0908/163306.975:ERROR:process_memory_win.cc(73)] ReadMemory at 0x1a0da4ff460 of 132 bytes failed: Only part of a ReadProcessMemory or WriteProcessMemory request was completed. (0x12B)
[0908/163306.975:ERROR:process_memory_win.cc(73)] ReadMemory at 0x1a0da4ff6c0 of 132 bytes failed: Only part of a ReadProcessMemory or WriteProcessMemory request was completed. (0x12B)
[0908/163306.975:ERROR:process_memory_win.cc(73)] ReadMemory at 0x1a0da4ff7f0 of 132 bytes failed: Only part of a ReadProcessMemory or WriteProcessMemory request was completed. (0x12B)
[0908/163306.975:ERROR:process_memory_win.cc(73)] ReadMemory at 0x1a0da503ce0 of 80 bytes failed: Only part of a ReadProcessMemory or WriteProcessMemory request was completed. (0x12B)
[0908/163306.975:ERROR:process_memory_win.cc(73)] ReadMemory at 0x1a0da504370 of 132 bytes failed: Only part of a ReadProcessMemory or WriteProcessMemory request was completed. (0x12B)
[0908/163306.975:ERROR:process_memory_win.cc(73)] ReadMemory at 0x1a0da5046d0 of 132 bytes failed: Only part of a ReadProcessMemory or WriteProcessMemory request was completed. (0x12B)
[0908/163306.975:ERROR:process_memory_win.cc(73)] ReadMemory at 0x1a0da5048e0 of 132 bytes failed: Only part of a ReadProcessMemory or WriteProcessMemory request was completed. (0x12B)
[0908/163306.975:ERROR:process_memory_win.cc(73)] ReadMemory at 0x1a0da506fd0 of 132 bytes failed: Only part of a ReadProcessMemory or WriteProcessMemory request was completed. (0x12B)
[0908/163306.975:ERROR:process_memory_win.cc(73)] ReadMemory at 0x1a0da507100 of 144 bytes failed: Only part of a ReadProcessMemory or WriteProcessMemory request was completed. (0x12B)
[0908/163306.975:ERROR:process_memory_win.cc(73)] ReadMemory at 0x1a0da508810 of 132 bytes failed: Only part of a ReadProcessMemory or WriteProcessMemory request was completed. (0x12B)
[0908/163306.975:ERROR:process_memory_win.cc(73)] ReadMemory at 0x1a0da50c640 of 132 bytes failed: Only part of a ReadProcessMemory or WriteProcessMemory request was completed. (0x12B)
[0908/163306.975:ERROR:process_memory_win.cc(73)] ReadMemory at 0x1a0da50c860 of 132 bytes failed: Only part of a ReadProcessMemory or WriteProcessMemory request was completed. (0x12B)
[0908/163306.975:ERROR:process_memory_win.cc(73)] ReadMemory at 0x1a0da50cbc0 of 132 bytes failed: Only part of a ReadProcessMemory or WriteProcessMemory request was completed. (0x12B)
[0908/163306.976:ERROR:process_memory_win.cc(73)] ReadMemory at 0x1a0da50d2c0 of 76 bytes failed: Only part of a ReadProcessMemory or WriteProcessMemory request was completed. (0x12B)
[0908/163306.976:ERROR:process_memory_win.cc(73)] ReadMemory at 0x1a0da50d6e0 of 80 bytes failed: Only part of a ReadProcessMemory or WriteProcessMemory request was completed. (0x12B)
[0908/163306.976:ERROR:process_memory_win.cc(73)] ReadMemory at 0x1a0da50e830 of 132 bytes failed: Only part of a ReadProcessMemory or WriteProcessMemory request was completed. (0x12B)
[0908/163306.976:ERROR:process_memory_win.cc(73)] ReadMemory at 0x1a0da50ea90 of 132 bytes failed: Only part of a ReadProcessMemory or WriteProcessMemory request was completed. (0x12B)
[0908/163306.976:ERROR:process_memory_win.cc(73)] ReadMemory at 0x1a0da50ebc0 of 132 bytes failed: Only part of a ReadProcessMemory or WriteProcessMemory request was completed. (0x12B)
[0908/163306.976:ERROR:process_memory_win.cc(73)] ReadMemory at 0x1a0da50ee20 of 132 bytes failed: Only part of a ReadProcessMemory or WriteProcessMemory request was completed. (0x12B)
[0908/163306.976:ERROR:process_memory_win.cc(73)] ReadMemory at 0x1a0da50ef50 of 132 bytes failed: Only part of a ReadProcessMemory or WriteProcessMemory request was completed. (0x12B)
[0908/163306.976:ERROR:process_memory_win.cc(73)] ReadMemory at 0x1a0da50f080 of 132 bytes failed: Only part of a ReadProcessMemory or WriteProcessMemory request was completed. (0x12B)
[0908/163306.976:ERROR:process_memory_win.cc(73)] ReadMemory at 0x1a0da50f1b0 of 132 bytes failed: Only part of a ReadProcessMemory or WriteProcessMemory request was completed. (0x12B)
[0908/163306.976:ERROR:process_memory_win.cc(73)] ReadMemory at 0x1a0da50f410 of 132 bytes failed: Only part of a ReadProcessMemory or WriteProcessMemory request was completed. (0x12B)
[0908/163306.976:ERROR:process_memory_win.cc(73)] ReadMemory at 0x1a0da50f670 of 132 bytes failed: Only part of a ReadProcessMemory or WriteProcessMemory request was completed. (0x12B)
[0908/163306.976:ERROR:process_memory_win.cc(73)] ReadMemory at 0x1a0da50fec0 of 132 bytes failed: Only part of a ReadProcessMemory or WriteProcessMemory request was completed. (0x12B)
[0908/163306.976:ERROR:process_memory_win.cc(73)] ReadMemory at 0x1a0da5104b0 of 132 bytes failed: Only part of a ReadProcessMemory or WriteProcessMemory request was completed. (0x12B)
[0908/163306.976:ERROR:process_memory_win.cc(73)] ReadMemory at 0x1a0da511bf0 of 64 bytes failed: Only part of a ReadProcessMemory or WriteProcessMemory request was completed. (0x12B)
[0908/163306.976:ERROR:process_memory_win.cc(73)] ReadMemory at 0x1a0da511d80 of 62 bytes failed: Only part of a ReadProcessMemory or WriteProcessMemory request was completed. (0x12B)
[0908/163306.976:ERROR:process_memory_win.cc(73)] ReadMemory at 0x1a0da511dd0 of 60 bytes failed: Only part of a ReadProcessMemory or WriteProcessMemory request was completed. (0x12B)
[0908/163306.977:ERROR:process_memory_win.cc(73)] ReadMemory at 0x1a0da511e20 of 64 bytes failed: Only part of a ReadProcessMemory or WriteProcessMemory request was completed. (0x12B)
[0908/163306.977:ERROR:process_memory_win.cc(73)] ReadMemory at 0x1a0da511e70 of 64 bytes failed: Only part of a ReadProcessMemory or WriteProcessMemory request was completed. (0x12B)
[0908/163306.977:ERROR:process_memory_win.cc(73)] ReadMemory at 0x1a0da511f60 of 62 bytes failed: Only part of a ReadProcessMemory or WriteProcessMemory request was completed. (0x12B)
[0908/163306.977:ERROR:process_memory_win.cc(73)] ReadMemory at 0x1a0da511fb0 of 60 bytes failed: Only part of a ReadProcessMemory or WriteProcessMemory request was completed. (0x12B)
[0908/163306.977:ERROR:process_memory_win.cc(73)] ReadMemory at 0x1a0da5120f0 of 62 bytes failed: Only part of a ReadProcessMemory or WriteProcessMemory request was completed. (0x12B)
[0908/163306.977:ERROR:process_memory_win.cc(73)] ReadMemory at 0x1a0da5122d0 of 60 bytes failed: Only part of a ReadProcessMemory or WriteProcessMemory request was completed. (0x12B)
[0908/163306.977:ERROR:process_memory_win.cc(73)] ReadMemory at 0x1a0da512460 of 62 bytes failed: Only part of a ReadProcessMemory or WriteProcessMemory request was completed. (0x12B)
[0908/163306.977:ERROR:process_memory_win.cc(73)] ReadMemory at 0x1a0da5124b0 of 62 bytes failed: Only part of a ReadProcessMemory or WriteProcessMemory request was completed. (0x12B)
[0908/163306.977:ERROR:process_memory_win.cc(73)] ReadMemory at 0x1a0da5125a0 of 62 bytes failed: Only part of a ReadProcessMemory or WriteProcessMemory request was completed. (0x12B)
[0908/163306.977:ERROR:process_memory_win.cc(73)] ReadMemory at 0x1a0da5128c0 of 66 bytes failed: Only part of a ReadProcessMemory or WriteProcessMemory request was completed. (0x12B)
[0908/163306.977:ERROR:process_memory_win.cc(73)] ReadMemory at 0x1a0da512960 of 62 bytes failed: Only part of a ReadProcessMemory or WriteProcessMemory request was completed. (0x12B)
[0908/163306.977:ERROR:process_memory_win.cc(73)] ReadMemory at 0x1a0da5230e0 of 512 bytes failed: Only part of a ReadProcessMemory or WriteProcessMemory request was completed. (0x12B)
[0908/163306.977:ERROR:process_memory_win.cc(73)] ReadMemory at 0x1a0da5390c8 of 512 bytes failed: Only part of a ReadProcessMemory or WriteProcessMemory request was completed. (0x12B)
[0908/163306.977:ERROR:process_memory_win.cc(73)] ReadMemory at 0x1a0da55b4f0 of 512 bytes failed: Only part of a ReadProcessMemory or WriteProcessMemory request was completed. (0x12B)
[0908/163306.977:ERROR:process_memory_win.cc(73)] ReadMemory at 0x1a0da55b970 of 512 bytes failed: Only part of a ReadProcessMemory or WriteProcessMemory request was completed. (0x12B)
[0908/163306.977:ERROR:process_memory_win.cc(73)] ReadMemory at 0x1a0da5716d0 of 512 bytes failed: Only part of a ReadProcessMemory or WriteProcessMemory request was completed. (0x12B)
[0908/163306.978:ERROR:process_memory_win.cc(73)] ReadMemory at 0x1a0da576b60 of 512 bytes failed: Only part of a ReadProcessMemory or WriteProcessMemory request was completed. (0x12B)
[0908/163306.978:ERROR:process_memory_win.cc(73)] ReadMemory at 0x1a0da57bc90 of 512 bytes failed: Only part of a ReadProcessMemory or WriteProcessMemory request was completed. (0x12B)
[0908/163306.978:ERROR:process_memory_win.cc(73)] ReadMemory at 0x1a0da591ac0 of 512 bytes failed: Only part of a ReadProcessMemory or WriteProcessMemory request was completed. (0x12B)
[0908/163306.978:ERROR:process_memory_win.cc(73)] ReadMemory at 0x1a0da595a70 of 512 bytes failed: Only part of a ReadProcessMemory or WriteProcessMemory request was completed. (0x12B)
[0908/163306.978:ERROR:process_memory_win.cc(73)] ReadMemory at 0x1a0da5a0d90 of 712 bytes failed: Only part of a ReadProcessMemory or WriteProcessMemory request was completed. (0x12B)
[0908/163306.978:ERROR:process_memory_win.cc(73)] ReadMemory at 0x1a0dbe40000 of 384 bytes failed: Only part of a ReadProcessMemory or WriteProcessMemory request was completed. (0x12B)
[0908/163306.978:ERROR:process_memory_win.cc(73)] ReadMemory at 0x1a0dbe6efd0 of 512 bytes failed: Only part of a ReadProcessMemory or WriteProcessMemory request was completed. (0x12B)
[0908/163306.978:ERROR:process_memory_win.cc(73)] ReadMemory at 0x1a0dbf640f4 of 670 bytes failed: Only part of a ReadProcessMemory or WriteProcessMemory request was completed. (0x12B)
[0908/163306.978:ERROR:process_memory_win.cc(73)] ReadMemory at 0x1a0dc0ab950 of 512 bytes failed: Only part of a ReadProcessMemory or WriteProcessMemory request was completed. (0x12B)
[0908/163306.978:ERROR:process_memory_win.cc(73)] ReadMemory at 0x1a0dcb98838 of 512 bytes failed: Only part of a ReadProcessMemory or WriteProcessMemory request was completed. (0x12B)
[0908/163306.978:ERROR:process_memory_win.cc(73)] ReadMemory at 0x32d721494ee8 of 512 bytes failed: Only part of a ReadProcessMemory or WriteProcessMemory request was completed. (0x12B)
[0908/163306.978:ERROR:process_memory_win.cc(73)] ReadMemory at 0x7fff431f2600 of 512 bytes failed: Only part of a ReadProcessMemory or WriteProcessMemory request was completed. (0x12B)
[0908/163306.978:ERROR:process_memory_win.cc(73)] ReadMemory at 0x7fff46ac5ab3 of 512 bytes failed: Only part of a ReadProcessMemory or WriteProcessMemory request was completed. (0x12B)
[0908/163306.978:ERROR:process_memory_win.cc(73)] ReadMemory at 0x7fff4b4e8ef0 of 512 bytes failed: Only part of a ReadProcessMemory or WriteProcessMemory request was completed. (0x12B)
[0908/163306.979:ERROR:process_memory_win.cc(73)] ReadMemory at 0x7fffb590c6d0 of 512 bytes failed: Only part of a ReadProcessMemory or WriteProcessMemory request was completed. (0x12B)
[0908/163306.979:ERROR:process_memory_win.cc(73)] ReadMemory at 0x7fffb6cb1f80 of 512 bytes failed: Only part of a ReadProcessMemory or WriteProcessMemory request was completed. (0x12B)
[0908/163306.979:ERROR:process_memory_win.cc(73)] ReadMemory at 0x7fffb7e3c074 of 672 bytes failed: Only part of a ReadProcessMemory or WriteProcessMemory request was completed. (0x12B)
[0908/163306.979:ERROR:process_memory_win.cc(73)] ReadMemory at 0x7fffb7e3c674 of 512 bytes failed: Only part of a ReadProcessMemory or WriteProcessMemory request was completed. (0x12B)
[0908/163306.979:ERROR:process_memory_win.cc(73)] ReadMemory at 0x7fffb7e3f924 of 608 bytes failed: Only part of a ReadProcessMemory or WriteProcessMemory request was completed. (0x12B)
[0908/163306.979:ERROR:process_memory_win.cc(73)] ReadMemory at 0x7fffb7ecc428 of 18 bytes failed: Only part of a ReadProcessMemory or WriteProcessMemory request was completed. (0x12B)
[0908/163306.979:ERROR:process_memory_win.cc(73)] ReadMemory at 0x7fffb7eff4f8 of 40 bytes failed: Only part of a ReadProcessMemory or WriteProcessMemory request was completed. (0x12B)
[0908/163306.979:ERROR:process_memory_win.cc(73)] ReadMemory at 0x7fffb7eff978 of 48 bytes failed: Only part of a ReadProcessMemory or WriteProcessMemory request was completed. (0x12B)
[0908/163306.979:ERROR:process_memory_win.cc(73)] ReadMemory at 0x7fffb7f053c0 of 64 bytes failed: Only part of a ReadProcessMemory or WriteProcessMemory request was completed. (0x12B)
[0908/163306.981:ERROR:scoped_process_suspend.cc(40)] NtResumeProcess: An attempt was made to access an exiting process. (0xc000010a)
